sweetalert/build/intermediates/manifest_merge_blame_file/debug/manifest-merger-blame-debug-report.txt
1<?xml version="1.0" encoding="utf-8"?>
2<manifest xmlns:android="http://schemas.android.com/apk/res/android"
3    package="com.ontbee.legacyforks.cn.pedant.SweetAlert"
4    android:versionCode="2"
5    android:versionName="1.1" >
6
7    <uses-sdk android:minSdkVersion="17" />
7-->src/main/AndroidManifest.xml
8
9    <application />
9-->src/main/AndroidManifest.xml:7:1-16
10
11</manifest>